TN:
SF:C:\Users\postgres\Documents\Testing Politico\server/app.js
FN:13,(anonymous_1)
FN:20,(anonymous_2)
FNF:2
FNH:2
FNDA:1,(anonymous_1)
FNDA:1,(anonymous_2)
DA:1,1
DA:2,1
DA:3,1
DA:6,1
DA:8,1
DA:11,1
DA:13,1
DA:18,1
DA:20,1
DA:21,1
LF:10
LH:10
BRDA:20,0,0,1
BRDA:20,0,1,1
BRF:2
BRH:2
end_of_record
TN:
SF:C:\Users\postgres\Documents\Testing Politico\server\controllers/adminController.js
FN:6,(anonymous_1)
FN:29,(anonymous_2)
FN:43,(anonymous_3)
FN:46,(anonymous_4)
FN:65,(anonymous_5)
FN:69,(anonymous_6)
FN:94,(anonymous_7)
FN:97,(anonymous_8)
FN:121,(anonymous_9)
FN:144,(anonymous_10)
FN:158,(anonymous_11)
FN:161,(anonymous_12)
FNF:12
FNH:12
FNDA:1,(anonymous_1)
FNDA:1,(anonymous_2)
FNDA:2,(anonymous_3)
FNDA:3,(anonymous_4)
FNDA:2,(anonymous_5)
FNDA:3,(anonymous_6)
FNDA:2,(anonymous_7)
FNDA:2,(anonymous_8)
FNDA:1,(anonymous_9)
FNDA:1,(anonymous_10)
FNDA:2,(anonymous_11)
FNDA:3,(anonymous_12)
DA:1,1
DA:3,1
DA:7,1
DA:10,1
DA:12,1
DA:15,1
DA:17,1
DA:22,0
DA:30,1
DA:31,1
DA:36,0
DA:44,2
DA:45,2
DA:46,3
DA:47,2
DA:48,1
DA:53,1
DA:58,0
DA:66,2
DA:67,2
DA:68,2
DA:69,3
DA:70,2
DA:71,1
DA:76,1
DA:77,1
DA:87,0
DA:95,2
DA:96,2
DA:97,2
DA:98,2
DA:99,1
DA:104,1
DA:105,1
DA:114,0
DA:122,1
DA:125,1
DA:127,1
DA:131,1
DA:132,1
DA:137,0
DA:145,1
DA:146,1
DA:151,0
DA:159,2
DA:160,2
DA:161,3
DA:162,2
DA:163,1
DA:168,1
DA:173,0
LF:51
LH:43
BRDA:47,0,0,1
BRDA:47,0,1,1
BRDA:70,1,0,1
BRDA:70,1,1,1
BRDA:98,2,0,1
BRDA:98,2,1,1
BRDA:162,3,0,1
BRDA:162,3,1,1
BRF:8
BRH:8
end_of_record
TN:
SF:C:\Users\postgres\Documents\Testing Politico\server\models/db.js
FNF:0
FNH:0
DA:1,1
DA:16,1
DA:25,1
DA:34,1
DA:44,1
DA:54,1
LF:6
LH:6
BRF:0
BRH:0
end_of_record
TN:
SF:C:\Users\postgres\Documents\Testing Politico\server\routes/route.js
FNF:0
FNH:0
DA:1,1
DA:2,1
DA:6,1
DA:8,1
DA:9,1
DA:10,1
DA:11,1
DA:12,1
DA:13,1
DA:15,1
DA:16,1
DA:17,1
LF:12
LH:12
BRF:0
BRH:0
end_of_record
TN:
SF:C:\Users\postgres\Documents\Testing Politico\server\specs/app.js
FN:9,(anonymous_1)
FN:10,(anonymous_2)
FN:13,(anonymous_3)
FNF:3
FNH:3
FNDA:1,(anonymous_1)
FNDA:1,(anonymous_2)
FNDA:1,(anonymous_3)
DA:1,1
DA:2,1
DA:3,1
DA:5,1
DA:7,1
DA:9,1
DA:10,1
DA:11,1
DA:14,1
DA:15,1
DA:16,1
LF:11
LH:11
BRF:0
BRH:0
end_of_record
TN:
SF:C:\Users\postgres\Documents\Testing Politico\server\specs\controllers/adminControllers.js
FN:6,(anonymous_1)
FN:7,(anonymous_2)
FN:17,(anonymous_3)
FN:27,(anonymous_4)
FN:28,(anonymous_5)
FN:31,(anonymous_6)
FN:41,(anonymous_7)
FN:42,(anonymous_8)
FN:45,(anonymous_9)
FN:53,(anonymous_10)
FN:56,(anonymous_11)
FN:64,(anonymous_12)
FN:65,(anonymous_13)
FN:72,(anonymous_14)
FN:80,(anonymous_15)
FN:87,(anonymous_16)
FN:96,(anonymous_17)
FN:97,(anonymous_18)
FN:100,(anonymous_19)
FN:107,(anonymous_20)
FN:110,(anonymous_21)
FN:118,(anonymous_22)
FN:119,(anonymous_23)
FN:129,(anonymous_24)
FN:139,(anonymous_25)
FN:140,(anonymous_26)
FN:143,(anonymous_27)
FN:154,(anonymous_28)
FN:155,(anonymous_29)
FN:158,(anonymous_30)
FN:166,(anonymous_31)
FN:169,(anonymous_32)
FNF:32
FNH:32
FNDA:1,(anonymous_1)
FNDA:1,(anonymous_2)
FNDA:1,(anonymous_3)
FNDA:1,(anonymous_4)
FNDA:1,(anonymous_5)
FNDA:1,(anonymous_6)
FNDA:1,(anonymous_7)
FNDA:1,(anonymous_8)
FNDA:1,(anonymous_9)
FNDA:1,(anonymous_10)
FNDA:1,(anonymous_11)
FNDA:1,(anonymous_12)
FNDA:1,(anonymous_13)
FNDA:1,(anonymous_14)
FNDA:1,(anonymous_15)
FNDA:1,(anonymous_16)
FNDA:1,(anonymous_17)
FNDA:1,(anonymous_18)
FNDA:1,(anonymous_19)
FNDA:1,(anonymous_20)
FNDA:1,(anonymous_21)
FNDA:1,(anonymous_22)
FNDA:1,(anonymous_23)
FNDA:1,(anonymous_24)
FNDA:1,(anonymous_25)
FNDA:1,(anonymous_26)
FNDA:1,(anonymous_27)
FNDA:1,(anonymous_28)
FNDA:1,(anonymous_29)
FNDA:1,(anonymous_30)
FNDA:1,(anonymous_31)
FNDA:1,(anonymous_32)
DA:1,1
DA:2,1
DA:4,1
DA:6,1
DA:7,1
DA:8,1
DA:14,1
DA:18,1
DA:19,1
DA:20,1
DA:21,1
DA:22,1
DA:27,1
DA:28,1
DA:29,1
DA:32,1
DA:33,1
DA:34,1
DA:35,1
DA:36,1
DA:41,1
DA:42,1
DA:43,1
DA:46,1
DA:47,1
DA:48,1
DA:49,1
DA:53,1
DA:54,1
DA:57,1
DA:58,1
DA:59,1
DA:64,1
DA:65,1
DA:66,1
DA:69,1
DA:73,1
DA:74,1
DA:75,1
DA:76,1
DA:80,1
DA:81,1
DA:84,1
DA:88,1
DA:89,1
DA:90,1
DA:96,1
DA:97,1
DA:98,1
DA:101,1
DA:102,1
DA:103,1
DA:107,1
DA:108,1
DA:111,1
DA:112,1
DA:113,1
DA:118,1
DA:119,1
DA:120,1
DA:126,1
DA:130,1
DA:131,1
DA:132,1
DA:133,1
DA:134,1
DA:139,1
DA:140,1
DA:141,1
DA:144,1
DA:145,1
DA:146,1
DA:147,1
DA:148,1
DA:149,1
DA:154,1
DA:155,1
DA:156,1
DA:159,1
DA:160,1
DA:161,1
DA:162,1
DA:166,1
DA:167,1
DA:170,1
DA:171,1
DA:172,1
LF:87
LH:87
BRF:0
BRH:0
end_of_record
